{
  "stats": {
    "suites": 1,
    "tests": 1,
    "passes": 1,
    "pending": 0,
    "failures": 0,
    "start": "2022-05-19T10:10:44.002Z",
    "end": "2022-05-19T10:11:50.298Z",
    "duration": 66296,
    "testsRegistered": 1,
    "passPercent": 100,
    "pendingPercent": 0,
    "other": 0,
    "hasOther": false,
    "skipped": 0,
    "hasSkipped": false
  },
  "results": [
    {
      "uuid": "5c6cc77c-38ef-486d-b63c-04473a96736e",
      "title": "",
      "fullFile": "cypress/integration/poached/loginPoached.spec.js",
      "file": "cypress/integration/poached/loginPoached.spec.js",
      "beforeHooks": [],
      "afterHooks": [],
      "tests": [],
      "suites": [
        {
          "uuid": "1f32b134-59b0-4024-912b-b18ab504ed79",
          "title": "Poster Login",
          "fullFile": "",
          "file": "",
          "beforeHooks": [],
          "afterHooks": [],
          "tests": [
            {
              "title": "Poached login page",
              "fullTitle": "Poster Login Poached login page",
              "timedOut": null,
              "duration": 61779,
              "state": "passed",
              "speed": "slow",
              "pass": true,
              "fail": false,
              "pending": false,
              "context": null,
              "code": "//Visit the URL\ncy.visit(\"https://poachedtest.com/login\");\ncy.wait(10000); //click login\ncy.xpath(\"/html/body/div[1]/div[1]/div/div/div[4]/main/section/div/form/div[3]/div/button\").click({\n  force: true\n});\ncy.wait(4000); //Enter email\ncy.xpath(\"/html/body/div[1]/div[1]/div/div/div[4]/main/section/div/form/div[2]/div/div/input\").type(\"posterautomation06+50@gmail.com\");\ncy.wait(8000); //Click next button\ncy.xpath(\"/html/body/div[1]/div[1]/div/div/div[4]/main/section/div/form/div[3]/div/button\").click();\ncy.wait(8000); //Enter password\ncy.xpath(\"/html/body/div[1]/div[1]/div/div/div[4]/main/section/div/form/div[2]/div/div/input[2]\").type(\"Poached@123\"); //Login button click\ncy.xpath(\"/html/body/div[1]/div[1]/div/div/div[4]/main/section/div/form/div[3]/div/button\").click();\ncy.wait(15000); //Assert - Post a Job button in jobs panel\ncy.contains(\"Post a Job\").should(\"be.visible\");",
              "err": {},
              "uuid": "42b18bd8-11da-4fcd-a762-23050be94926",
              "parentUUID": "1f32b134-59b0-4024-912b-b18ab504ed79",
              "isHook": false,
              "skipped": false
            }
          ],
          "suites": [],
          "passes": [
            "42b18bd8-11da-4fcd-a762-23050be94926"
          ],
          "failures": [],
          "pending": [],
          "skipped": [],
          "duration": 61779,
          "root": false,
          "rootEmpty": false,
          "_timeout": 2000
        }
      ],
      "passes": [],
      "failures": [],
      "pending": [],
      "skipped": [],
      "duration": 0,
      "root": true,
      "rootEmpty": true,
      "_timeout": 2000
    }
  ],
  "meta": {
    "mocha": {
      "version": "7.0.1"
    },
    "mochawesome": {
      "options": {
        "quiet": false,
        "reportFilename": "mochawesome",
        "saveHtml": false,
        "saveJson": true,
        "consoleReporter": "spec",
        "useInlineDiffs": false,
        "code": true
      },
      "version": "7.1.3"
    },
    "marge": {
      "options": {
        "overwrite": false,
        "html": false,
        "json": true
      },
      "version": "6.2.0"
    }
  }
}